Determining if the Q_WS_WIN exist failed with the following output:
Change Dir: /home/maska/opencv/Find-Object-0.4.1-Source/build/CMakeFiles/CMakeTmp

Run Build Command:/usr/bin/make "cmTryCompileExec2994574160/fast"
/usr/bin/make -f CMakeFiles/cmTryCompileExec2994574160.dir/build.make CMakeFiles/cmTryCompileExec2994574160.dir/build
make[1]: Entering directory `/home/maska/opencv/Find-Object-0.4.1-Source/build/CMakeFiles/CMakeTmp'
/usr/local/bin/cmake -E cmake_progress_report /home/maska/opencv/Find-Object-0.4.1-Source/build/CMakeFiles/CMakeTmp/CMakeFiles 1
Building CXX object CMakeFiles/cmTryCompileExec2994574160.dir/CheckSymbolExists.cxx.o
/usr/bin/c++    -I/usr/include/qt4    -o CMakeFiles/cmTryCompileExec2994574160.dir/CheckSymbolExists.cxx.o -c /home/maska/opencv/Find-Object-0.4.1-Source/build/CMakeFiles/CMakeTmp/CheckSymbolExists.cxx
/home/maska/opencv/Find-Object-0.4.1-Source/build/CMakeFiles/CMakeTmp/CheckSymbolExists.cxx: In function ‘int main(int, char**)’:
/home/maska/opencv/Find-Object-0.4.1-Source/build/CMakeFiles/CMakeTmp/CheckSymbolExists.cxx:8: error: ‘Q_WS_WIN’ was not declared in this scope
make[1]: *** [CMakeFiles/cmTryCompileExec2994574160.dir/CheckSymbolExists.cxx.o] Error 1
make[1]: Leaving directory `/home/maska/opencv/Find-Object-0.4.1-Source/build/CMakeFiles/CMakeTmp'
make: *** [cmTryCompileExec2994574160/fast] Error 2

File /home/maska/opencv/Find-Object-0.4.1-Source/build/CMakeFiles/CMakeTmp/CheckSymbolExists.cxx:
/* */
#include <QtCore/qglobal.h>

int main(int argc, char** argv)
{
  (void)argv;
#ifndef Q_WS_WIN
  return ((int*)(&Q_WS_WIN))[argc];
#else
  (void)argc;
  return 0;
#endif
}

Determining if the Q_WS_QWS exist failed with the following output:
Change Dir: /home/maska/opencv/Find-Object-0.4.1-Source/build/CMakeFiles/CMakeTmp

Run Build Command:/usr/bin/make "cmTryCompileExec1655928032/fast"
/usr/bin/make -f CMakeFiles/cmTryCompileExec1655928032.dir/build.make CMakeFiles/cmTryCompileExec1655928032.dir/build
make[1]: Entering directory `/home/maska/opencv/Find-Object-0.4.1-Source/build/CMakeFiles/CMakeTmp'
/usr/local/bin/cmake -E cmake_progress_report /home/maska/opencv/Find-Object-0.4.1-Source/build/CMakeFiles/CMakeTmp/CMakeFiles 1
Building CXX object CMakeFiles/cmTryCompileExec1655928032.dir/CheckSymbolExists.cxx.o
/usr/bin/c++    -I/usr/include/qt4    -o CMakeFiles/cmTryCompileExec1655928032.dir/CheckSymbolExists.cxx.o -c /home/maska/opencv/Find-Object-0.4.1-Source/build/CMakeFiles/CMakeTmp/CheckSymbolExists.cxx
/home/maska/opencv/Find-Object-0.4.1-Source/build/CMakeFiles/CMakeTmp/CheckSymbolExists.cxx: In function ‘int main(int, char**)’:
/home/maska/opencv/Find-Object-0.4.1-Source/build/CMakeFiles/CMakeTmp/CheckSymbolExists.cxx:8: error: ‘Q_WS_QWS’ was not declared in this scope
make[1]: Leaving directory `/home/maska/opencv/Find-Object-0.4.1-Source/build/CMakeFiles/CMakeTmp'
make[1]: *** [CMakeFiles/cmTryCompileExec1655928032.dir/CheckSymbolExists.cxx.o] Error 1
make: *** [cmTryCompileExec1655928032/fast] Error 2

File /home/maska/opencv/Find-Object-0.4.1-Source/build/CMakeFiles/CMakeTmp/CheckSymbolExists.cxx:
/* */
#include <QtCore/qglobal.h>

int main(int argc, char** argv)
{
  (void)argv;
#ifndef Q_WS_QWS
  return ((int*)(&Q_WS_QWS))[argc];
#else
  (void)argc;
  return 0;
#endif
}

Determining if the Q_WS_MAC exist failed with the following output:
Change Dir: /home/maska/opencv/Find-Object-0.4.1-Source/build/CMakeFiles/CMakeTmp

Run Build Command:/usr/bin/make "cmTryCompileExec1936685391/fast"
/usr/bin/make -f CMakeFiles/cmTryCompileExec1936685391.dir/build.make CMakeFiles/cmTryCompileExec1936685391.dir/build
make[1]: Entering directory `/home/maska/opencv/Find-Object-0.4.1-Source/build/CMakeFiles/CMakeTmp'
/usr/local/bin/cmake -E cmake_progress_report /home/maska/opencv/Find-Object-0.4.1-Source/build/CMakeFiles/CMakeTmp/CMakeFiles 1
Building CXX object CMakeFiles/cmTryCompileExec1936685391.dir/CheckSymbolExists.cxx.o
/usr/bin/c++    -I/usr/include/qt4    -o CMakeFiles/cmTryCompileExec1936685391.dir/CheckSymbolExists.cxx.o -c /home/maska/opencv/Find-Object-0.4.1-Source/build/CMakeFiles/CMakeTmp/CheckSymbolExists.cxx
/home/maska/opencv/Find-Object-0.4.1-Source/build/CMakeFiles/CMakeTmp/CheckSymbolExists.cxx: In function ‘int main(int, char**)’:
/home/maska/opencv/Find-Object-0.4.1-Source/build/CMakeFiles/CMakeTmp/CheckSymbolExists.cxx:8: error: ‘Q_WS_MAC’ was not declared in this scope
make[1]: *** [CMakeFiles/cmTryCompileExec1936685391.dir/CheckSymbolExists.cxx.o] Error 1
make[1]: Leaving directory `/home/maska/opencv/Find-Object-0.4.1-Source/build/CMakeFiles/CMakeTmp'
make: *** [cmTryCompileExec1936685391/fast] Error 2

File /home/maska/opencv/Find-Object-0.4.1-Source/build/CMakeFiles/CMakeTmp/CheckSymbolExists.cxx:
/* */
#include <QtCore/qglobal.h>

int main(int argc, char** argv)
{
  (void)argv;
#ifndef Q_WS_MAC
  return ((int*)(&Q_WS_MAC))[argc];
#else
  (void)argc;
  return 0;
#endif
}

